2018-04-25 14:25:02,036 [WARN] from akka.remote.transport.netty.NettyTransport in application-akka.actor.default-dispatcher-3 - Remote connection to [null] failed with java.net.ConnectException: Connection refused: /127.0.0.1:8001
2018-04-25 14:25:02,051 [WARN] from akka.remote.ReliableDeliverySupervisor in application-akka.actor.default-dispatcher-3 - Association with remote system [akka.tcp://application@127.0.0.1:8001] has failed, address is now gated for [5000] ms. Reason: [Association failed with [akka.tcp://application@127.0.0.1:8001]] Caused by: [Connection refused: /127.0.0.1:8001]
2018-04-25 14:25:03,927 [DEBUG] from application in play-dev-mode-akka.actor.default-dispatcher-7 - Schema definitions are written
2018-04-25 14:25:04,012 [WARN] from application in play-dev-mode-akka.actor.default-dispatcher-7 - application.conf @ file:/Volumes/Development/Projects/mr-balance/target/scala-2.12/classes/application.conf: 44: play.crypto.secret is deprecated, use play.http.secret.key instead
2018-04-25 14:25:05,983 [INFO] from play.api.http.EnabledFilters in play-dev-mode-akka.actor.default-dispatcher-7 - Enabled Filters (see <https://www.playframework.com/documentation/latest/Filters>):


2018-04-25 14:25:06,032 [INFO] from play.api.Play in play-dev-mode-akka.actor.default-dispatcher-7 - Application started (Dev)
2018-04-25 14:25:08,486 [INFO] from application in application-akka.actor.default-dispatcher-3 - AccountServiceActor: Starting Mr Balance
2018-04-25 14:39:01,507 [INFO] from application in application-akka.actor.default-dispatcher-40 - AccountServiceActor: Starting Mr Balance
2018-04-25 14:46:17,500 [INFO] from application in application-akka.actor.default-dispatcher-51 - AccountServiceActor: Starting Mr Balance
2018-04-25 14:53:56,225 [INFO] from application in application-akka.actor.default-dispatcher-74 - AccountServiceActor: Starting Mr Balance
2018-04-25 14:55:18,564 [WARN] from akka.serialization.Serialization(akka://application) in application-akka.actor.default-dispatcher-69 - Using the default Java serializer for class [mrtradelibrary.models.domain.Notification] which is not recommended because of performance implications. Use another serializer or disable this warning using the setting 'akka.actor.warn-about-java-serializer-usage'
2018-04-25 14:55:19,228 [INFO] from application in application-akka.actor.default-dispatcher-79 - AccountServiceActor: Starting Mr Balance
2018-04-25 14:55:19,512 [INFO] from application in application-akka.actor.default-dispatcher-81 - AccountServiceActor: Starting Mr Balance
2018-04-25 14:57:54,507 [INFO] from application in application-akka.actor.default-dispatcher-89 - AccountServiceActor: Starting Mr Balance
2018-04-25 14:57:54,810 [INFO] from application in application-akka.actor.default-dispatcher-92 - AccountServiceActor: Starting Mr Balance
2018-04-25 14:58:02,332 [INFO] from application in application-akka.actor.default-dispatcher-89 - AccountServiceActor: Starting Mr Balance
2018-04-25 14:59:07,751 [WARN] from akka.remote.ReliableDeliverySupervisor in application-akka.actor.default-dispatcher-95 - Association with remote system [akka.tcp://application@127.0.0.1:8001] has failed, address is now gated for [5000] ms. Reason: [Disassociated] 
2018-04-25 14:59:31,902 [INFO] from application in application-akka.actor.default-dispatcher-98 - AccountServiceActor: Starting Mr Balance
2018-04-25 15:02:33,812 [INFO] from application in application-akka.actor.default-dispatcher-101 - AccountServiceActor: Starting Mr Balance
2018-04-25 15:03:02,198 [INFO] from application in application-akka.actor.default-dispatcher-104 - AccountServiceActor: Starting Mr Balance
2018-04-25 15:03:02,525 [INFO] from application in application-akka.actor.default-dispatcher-104 - AccountServiceActor: Starting Mr Balance
2018-04-25 15:03:22,351 [INFO] from application in application-akka.actor.default-dispatcher-112 - AccountServiceActor: Starting Mr Balance
2018-04-25 15:05:11,087 [INFO] from application in application-akka.actor.default-dispatcher-114 - AccountServiceActor: Starting Mr Balance
2018-04-25 15:05:15,122 [ERROR] from akka.remote.EndpointWriter in application-akka.actor.default-dispatcher-119 - AssociationError [akka.tcp://application@127.0.0.1:8000] -> [akka.tcp://application@127.0.0.1:8001]: Error [Shut down address: akka.tcp://application@127.0.0.1:8001] [
akka.remote.ShutDownAssociation: Shut down address: akka.tcp://application@127.0.0.1:8001
Caused by: akka.remote.transport.Transport$InvalidAssociationException: The remote system terminated the association because it is shutting down.
]
2018-04-25 15:07:52,991 [INFO] from application in application-akka.actor.default-dispatcher-121 - AccountServiceActor: Starting Mr Balance
2018-04-25 15:39:48,721 [INFO] from application in application-akka.actor.default-dispatcher-170 - AccountServiceActor: Starting Mr Balance
2018-04-25 15:40:14,153 [INFO] from application in application-akka.actor.default-dispatcher-178 - AccountServiceActor: Starting Mr Balance
2018-04-25 15:41:41,451 [INFO] from application in application-akka.actor.default-dispatcher-186 - AccountServiceActor: Starting Mr Balance
2018-04-25 15:41:43,395 [INFO] from application in application-akka.actor.default-dispatcher-184 - AccountServiceActor: Starting Mr Balance
2018-04-25 15:41:54,093 [INFO] from application in application-akka.actor.default-dispatcher-184 - AccountServiceActor: Starting Mr Balance
2018-04-25 15:42:10,189 [INFO] from application in application-akka.actor.default-dispatcher-191 - AccountServiceActor: Starting Mr Balance
2018-04-25 15:42:10,691 [INFO] from application in application-akka.actor.default-dispatcher-186 - AccountServiceActor: Starting Mr Balance
2018-04-25 15:42:26,892 [INFO] from application in application-akka.actor.default-dispatcher-182 - AccountServiceActor: Starting Mr Balance
2018-04-25 15:42:27,226 [INFO] from application in application-akka.actor.default-dispatcher-187 - AccountServiceActor: Starting Mr Balance
2018-04-25 15:42:29,549 [INFO] from application in application-akka.actor.default-dispatcher-195 - AccountServiceActor: Starting Mr Balance
2018-04-25 15:42:31,187 [INFO] from application in application-akka.actor.default-dispatcher-182 - AccountServiceActor: Starting Mr Balance
2018-04-25 15:44:57,059 [INFO] from application in application-akka.actor.default-dispatcher-201 - AccountServiceActor: Starting Mr Balance
2018-04-25 15:44:57,394 [INFO] from application in application-akka.actor.default-dispatcher-200 - AccountServiceActor: Starting Mr Balance
2018-04-25 16:02:19,883 [INFO] from application in application-akka.actor.default-dispatcher-230 - AccountServiceActor: Starting Mr Balance
2018-04-25 17:12:01,580 [INFO] from application in application-akka.actor.default-dispatcher-320 - AccountServiceActor: Starting Mr Balance
2018-04-25 17:12:03,879 [ERROR] from akka.remote.EndpointWriter in application-akka.actor.default-dispatcher-318 - AssociationError [akka.tcp://application@127.0.0.1:8000] -> [akka.tcp://application@127.0.0.1:8001]: Error [Shut down address: akka.tcp://application@127.0.0.1:8001] [
akka.remote.ShutDownAssociation: Shut down address: akka.tcp://application@127.0.0.1:8001
Caused by: akka.remote.transport.Transport$InvalidAssociationException: The remote system terminated the association because it is shutting down.
]
2018-04-25 17:12:12,613 [INFO] from application in application-akka.actor.default-dispatcher-325 - AccountServiceActor: Starting Mr Balance
2018-04-26 09:02:56,897 [WARN] from com.zaxxer.hikari.pool.HikariPool in db housekeeper - db - Thread starvation or clock leap detected (housekeeper delta=14h54m21s668ms).
2018-04-26 09:40:21,935 [INFO] from application in application-akka.actor.default-dispatcher-409 - AccountServiceActor: Starting Mr Balance
2018-04-26 09:43:50,401 [INFO] from application in application-akka.actor.default-dispatcher-421 - AccountServiceActor: Starting Mr Balance
2018-04-26 09:54:50,548 [INFO] from application in application-akka.actor.default-dispatcher-446 - AccountServiceActor: Starting Mr Balance
2018-04-26 09:58:12,307 [ERROR] from application in play-dev-mode-akka.actor.default-dispatcher-77 - 

! @77lhe8nhc - Internal server error, for (GET) [/demo] ->
 
play.sbt.PlayExceptions$CompilationException: Compilation error[not found: value TransactionMessage]
	at play.sbt.PlayExceptions$CompilationException$.apply(PlayExceptions.scala:30)
	at play.sbt.PlayExceptions$CompilationException$.apply(PlayExceptions.scala:30)
	at scala.Option.map(Option.scala:145)
	at play.sbt.run.PlayReload$$anonfun$taskFailureHandler$1.apply(PlayReload.scala:32)
	at play.sbt.run.PlayReload$$anonfun$taskFailureHandler$1.apply(PlayReload.scala:27)
	at scala.Option.map(Option.scala:145)
	at play.sbt.run.PlayReload$.taskFailureHandler(PlayReload.scala:27)
	at play.sbt.run.PlayReload$.compileFailure(PlayReload.scala:23)
	at play.sbt.run.PlayReload$$anonfun$compile$1.apply(PlayReload.scala:50)
	at play.sbt.run.PlayReload$$anonfun$compile$1.apply(PlayReload.scala:50)
	at scala.util.Either$LeftProjection.map(Either.scala:377)
	at play.sbt.run.PlayReload$.compile(PlayReload.scala:50)
	at play.sbt.run.PlayRun$$anonfun$playRunTask$1$$anonfun$apply$2$$anonfun$apply$3$$anonfun$3.apply(PlayRun.scala:73)
	at play.sbt.run.PlayRun$$anonfun$playRunTask$1$$anonfun$apply$2$$anonfun$apply$3$$anonfun$3.apply(PlayRun.scala:73)
	at play.runsupport.Reloader$$anonfun$reload$1.apply(Reloader.scala:413)
	at play.runsupport.Reloader$$anon$5.run(Reloader.scala:51)
	at java.security.AccessController.doPrivileged(Native Method)
	at play.runsupport.Reloader$.play$runsupport$Reloader$$withReloaderContextClassLoader(Reloader.scala:47)
	at play.runsupport.Reloader.reload(Reloader.scala:411)
	at play.core.server.DevServerStart$$anon$1.get(DevServerStart.scala:123)
	at play.core.server.Server.getHandlerFor(Server.scala:63)
	at play.core.server.Server.getHandlerFor$(Server.scala:48)
	at play.core.server.AkkaHttpServer.getHandlerFor(AkkaHttpServer.scala:41)
	at play.core.server.AkkaHttpServer.getHandler(AkkaHttpServer.scala:214)
	at play.core.server.AkkaHttpServer.handleRequest(AkkaHttpServer.scala:194)
	at play.core.server.AkkaHttpServer.$anonfun$createServerBinding$1(AkkaHttpServer.scala:106)
	at akka.stream.impl.fusing.MapAsync$$anon$24.onPush(Ops.scala:1189)
	at akka.stream.impl.fusing.GraphInterpreter.processPush(GraphInterpreter.scala:512)
	at akka.stream.impl.fusing.GraphInterpreter.processEvent(GraphInterpreter.scala:475)
	at akka.stream.impl.fusing.GraphInterpreter.execute(GraphInterpreter.scala:371)
	at akka.stream.impl.fusing.GraphInterpreterShell.runBatch(ActorGraphInterpreter.scala:585)
	at akka.stream.impl.fusing.GraphInterpreterShell$AsyncInput.execute(ActorGraphInterpreter.scala:469)
	at akka.stream.impl.fusing.GraphInterpreterShell.processEvent(ActorGraphInterpreter.scala:560)
	at akka.stream.impl.fusing.ActorGraphInterpreter.akka$stream$impl$fusing$ActorGraphInterpreter$$processEvent(ActorGraphInterpreter.scala:742)
	at akka.stream.impl.fusing.ActorGraphInterpreter$$anonfun$receive$1.applyOrElse(ActorGraphInterpreter.scala:757)
	at akka.actor.Actor.aroundReceive(Actor.scala:517)
	at akka.actor.Actor.aroundReceive$(Actor.scala:515)
	at akka.stream.impl.fusing.ActorGraphInterpreter.aroundReceive(ActorGraphInterpreter.scala:667)
	at akka.actor.ActorCell.receiveMessage(ActorCell.scala:527)
	at akka.actor.ActorCell.invoke(ActorCell.scala:496)
	at akka.dispatch.Mailbox.processMailbox(Mailbox.scala:257)
	at akka.dispatch.Mailbox.run(Mailbox.scala:224)
	at akka.dispatch.Mailbox.exec(Mailbox.scala:234)
	at akka.dispatch.forkjoin.ForkJoinTask.doExec(ForkJoinTask.java:260)
	at akka.dispatch.forkjoin.ForkJoinPool$WorkQueue.runTask(ForkJoinPool.java:1339)
	at akka.dispatch.forkjoin.ForkJoinPool.runWorker(ForkJoinPool.java:1979)
	at akka.dispatch.forkjoin.ForkJoinWorkerThread.run(ForkJoinWorkerThread.java:107)
2018-04-26 09:58:49,693 [DEBUG] from application in play-dev-mode-akka.actor.default-dispatcher-74 - Schema definitions are written
2018-04-26 09:58:49,699 [WARN] from application in play-dev-mode-akka.actor.default-dispatcher-74 - application.conf @ file:/Volumes/Development/Projects/mr-balance/target/scala-2.12/classes/application.conf: 44: play.crypto.secret is deprecated, use play.http.secret.key instead
2018-04-26 09:58:50,013 [INFO] from play.api.http.EnabledFilters in play-dev-mode-akka.actor.default-dispatcher-74 - Enabled Filters (see <https://www.playframework.com/documentation/latest/Filters>):


2018-04-26 09:58:50,014 [INFO] from play.api.Play in play-dev-mode-akka.actor.default-dispatcher-74 - Application started (Dev)
2018-04-26 09:58:51,857 [INFO] from application in application-akka.actor.default-dispatcher-3 - AccountServiceActor: Starting Mr Balance
2018-04-26 09:58:55,009 [ERROR] from akka.remote.EndpointWriter in application-akka.actor.default-dispatcher-16 - AssociationError [akka.tcp://application@127.0.0.1:8000] -> [akka.tcp://application@127.0.0.1:8001]: Error [Shut down address: akka.tcp://application@127.0.0.1:8001] [
akka.remote.ShutDownAssociation: Shut down address: akka.tcp://application@127.0.0.1:8001
Caused by: akka.remote.transport.Transport$InvalidAssociationException: The remote system terminated the association because it is shutting down.
]
2018-04-26 09:59:07,258 [INFO] from application in application-akka.actor.default-dispatcher-3 - AccountServiceActor: Starting Mr Balance
2018-04-26 09:59:59,678 [INFO] from application in application-akka.actor.default-dispatcher-17 - AccountServiceActor: Starting Mr Balance
2018-04-26 10:04:00,877 [INFO] from application in application-akka.actor.default-dispatcher-36 - AccountServiceActor: Starting Mr Balance
2018-04-26 10:04:01,807 [INFO] from application in application-akka.actor.default-dispatcher-31 - AccountServiceActor: Starting Mr Balance
2018-04-26 10:04:55,916 [INFO] from application in application-akka.actor.default-dispatcher-38 - AccountServiceActor: Starting Mr Balance
2018-04-26 10:20:22,689 [INFO] from application in application-akka.actor.default-dispatcher-67 - AccountServiceActor: Starting Mr Balance
2018-04-26 10:20:24,236 [INFO] from application in application-akka.actor.default-dispatcher-70 - AccountServiceActor: Starting Mr Balance
2018-04-26 10:28:12,591 [INFO] from application in application-akka.actor.default-dispatcher-84 - AccountServiceActor: Starting Mr Balance
2018-04-26 10:29:19,331 [INFO] from application in application-akka.actor.default-dispatcher-91 - AccountServiceActor: Starting Mr Balance
2018-04-26 11:11:20,236 [INFO] from application in application-akka.actor.default-dispatcher-151 - AccountServiceActor: Starting Mr Balance
2018-04-26 11:43:53,410 [INFO] from application in application-akka.actor.default-dispatcher-203 - AccountServiceActor: Starting Mr Balance
2018-04-26 11:44:10,902 [INFO] from application in application-akka.actor.default-dispatcher-209 - AccountServiceActor: Starting Mr Balance
2018-04-26 11:47:24,028 [INFO] from application in application-akka.actor.default-dispatcher-217 - AccountServiceActor: Starting Mr Balance
2018-04-26 13:30:57,681 [WARN] from com.zaxxer.hikari.pool.HikariPool in db housekeeper - db - Thread starvation or clock leap detected (housekeeper delta=25m3s554ms).
2018-04-26 16:36:07,004 [INFO] from application in application-akka.actor.default-dispatcher-633 - AccountServiceActor: Starting Mr Balance
2018-04-26 16:48:39,537 [ERROR] from application in play-dev-mode-akka.actor.default-dispatcher-133 - 

! @77ljg62fh - Internal server error, for (POST) [/login] ->
 
play.sbt.PlayExceptions$CompilationException: Compilation error[not found: value TransactionMessage]
	at play.sbt.PlayExceptions$CompilationException$.apply(PlayExceptions.scala:30)
	at play.sbt.PlayExceptions$CompilationException$.apply(PlayExceptions.scala:30)
	at scala.Option.map(Option.scala:145)
	at play.sbt.run.PlayReload$$anonfun$taskFailureHandler$1.apply(PlayReload.scala:32)
	at play.sbt.run.PlayReload$$anonfun$taskFailureHandler$1.apply(PlayReload.scala:27)
	at scala.Option.map(Option.scala:145)
	at play.sbt.run.PlayReload$.taskFailureHandler(PlayReload.scala:27)
	at play.sbt.run.PlayReload$.compileFailure(PlayReload.scala:23)
	at play.sbt.run.PlayReload$$anonfun$compile$1.apply(PlayReload.scala:50)
	at play.sbt.run.PlayReload$$anonfun$compile$1.apply(PlayReload.scala:50)
	at scala.util.Either$LeftProjection.map(Either.scala:377)
	at play.sbt.run.PlayReload$.compile(PlayReload.scala:50)
	at play.sbt.run.PlayRun$$anonfun$playRunTask$1$$anonfun$apply$2$$anonfun$apply$3$$anonfun$3.apply(PlayRun.scala:73)
	at play.sbt.run.PlayRun$$anonfun$playRunTask$1$$anonfun$apply$2$$anonfun$apply$3$$anonfun$3.apply(PlayRun.scala:73)
	at play.runsupport.Reloader$$anonfun$reload$1.apply(Reloader.scala:413)
	at play.runsupport.Reloader$$anon$5.run(Reloader.scala:51)
	at java.security.AccessController.doPrivileged(Native Method)
	at play.runsupport.Reloader$.play$runsupport$Reloader$$withReloaderContextClassLoader(Reloader.scala:47)
	at play.runsupport.Reloader.reload(Reloader.scala:411)
	at play.core.server.DevServerStart$$anon$1.get(DevServerStart.scala:123)
	at play.core.server.Server.getHandlerFor(Server.scala:63)
	at play.core.server.Server.getHandlerFor$(Server.scala:48)
	at play.core.server.AkkaHttpServer.getHandlerFor(AkkaHttpServer.scala:41)
	at play.core.server.AkkaHttpServer.getHandler(AkkaHttpServer.scala:214)
	at play.core.server.AkkaHttpServer.handleRequest(AkkaHttpServer.scala:194)
	at play.core.server.AkkaHttpServer.$anonfun$createServerBinding$1(AkkaHttpServer.scala:106)
	at akka.stream.impl.fusing.MapAsync$$anon$24.onPush(Ops.scala:1189)
	at akka.stream.impl.fusing.GraphInterpreter.processPush(GraphInterpreter.scala:512)
	at akka.stream.impl.fusing.GraphInterpreter.processEvent(GraphInterpreter.scala:475)
	at akka.stream.impl.fusing.GraphInterpreter.execute(GraphInterpreter.scala:371)
	at akka.stream.impl.fusing.GraphInterpreterShell.runBatch(ActorGraphInterpreter.scala:585)
	at akka.stream.impl.fusing.GraphInterpreterShell$AsyncInput.execute(ActorGraphInterpreter.scala:469)
	at akka.stream.impl.fusing.GraphInterpreterShell.processEvent(ActorGraphInterpreter.scala:560)
	at akka.stream.impl.fusing.ActorGraphInterpreter.akka$stream$impl$fusing$ActorGraphInterpreter$$processEvent(ActorGraphInterpreter.scala:742)
	at akka.stream.impl.fusing.ActorGraphInterpreter$$anonfun$receive$1.applyOrElse(ActorGraphInterpreter.scala:757)
	at akka.actor.Actor.aroundReceive(Actor.scala:517)
	at akka.actor.Actor.aroundReceive$(Actor.scala:515)
	at akka.stream.impl.fusing.ActorGraphInterpreter.aroundReceive(ActorGraphInterpreter.scala:667)
	at akka.actor.ActorCell.receiveMessage(ActorCell.scala:527)
	at akka.actor.ActorCell.invoke(ActorCell.scala:496)
	at akka.dispatch.Mailbox.processMailbox(Mailbox.scala:257)
	at akka.dispatch.Mailbox.run(Mailbox.scala:224)
	at akka.dispatch.Mailbox.exec(Mailbox.scala:234)
	at akka.dispatch.forkjoin.ForkJoinTask.doExec(ForkJoinTask.java:260)
	at akka.dispatch.forkjoin.ForkJoinPool$WorkQueue.runTask(ForkJoinPool.java:1339)
	at akka.dispatch.forkjoin.ForkJoinPool.runWorker(ForkJoinPool.java:1979)
	at akka.dispatch.forkjoin.ForkJoinWorkerThread.run(ForkJoinWorkerThread.java:107)
2018-04-26 16:48:42,854 [ERROR] from application in play-dev-mode-akka.actor.default-dispatcher-128 - 

! @77ljg67d8 - Internal server error, for (GET) [/demo] ->
 
play.sbt.PlayExceptions$CompilationException: Compilation error[not found: value TransactionMessage]
	at play.sbt.PlayExceptions$CompilationException$.apply(PlayExceptions.scala:30)
	at play.sbt.PlayExceptions$CompilationException$.apply(PlayExceptions.scala:30)
	at scala.Option.map(Option.scala:145)
	at play.sbt.run.PlayReload$$anonfun$taskFailureHandler$1.apply(PlayReload.scala:32)
	at play.sbt.run.PlayReload$$anonfun$taskFailureHandler$1.apply(PlayReload.scala:27)
	at scala.Option.map(Option.scala:145)
	at play.sbt.run.PlayReload$.taskFailureHandler(PlayReload.scala:27)
	at play.sbt.run.PlayReload$.compileFailure(PlayReload.scala:23)
	at play.sbt.run.PlayReload$$anonfun$compile$1.apply(PlayReload.scala:50)
	at play.sbt.run.PlayReload$$anonfun$compile$1.apply(PlayReload.scala:50)
	at scala.util.Either$LeftProjection.map(Either.scala:377)
	at play.sbt.run.PlayReload$.compile(PlayReload.scala:50)
	at play.sbt.run.PlayRun$$anonfun$playRunTask$1$$anonfun$apply$2$$anonfun$apply$3$$anonfun$3.apply(PlayRun.scala:73)
	at play.sbt.run.PlayRun$$anonfun$playRunTask$1$$anonfun$apply$2$$anonfun$apply$3$$anonfun$3.apply(PlayRun.scala:73)
	at play.runsupport.Reloader$$anonfun$reload$1.apply(Reloader.scala:413)
	at play.runsupport.Reloader$$anon$5.run(Reloader.scala:51)
	at java.security.AccessController.doPrivileged(Native Method)
	at play.runsupport.Reloader$.play$runsupport$Reloader$$withReloaderContextClassLoader(Reloader.scala:47)
	at play.runsupport.Reloader.reload(Reloader.scala:411)
	at play.core.server.DevServerStart$$anon$1.get(DevServerStart.scala:123)
	at play.core.server.Server.getHandlerFor(Server.scala:63)
	at play.core.server.Server.getHandlerFor$(Server.scala:48)
	at play.core.server.AkkaHttpServer.getHandlerFor(AkkaHttpServer.scala:41)
	at play.core.server.AkkaHttpServer.getHandler(AkkaHttpServer.scala:214)
	at play.core.server.AkkaHttpServer.handleRequest(AkkaHttpServer.scala:194)
	at play.core.server.AkkaHttpServer.$anonfun$createServerBinding$1(AkkaHttpServer.scala:106)
	at akka.stream.impl.fusing.MapAsync$$anon$24.onPush(Ops.scala:1189)
	at akka.stream.impl.fusing.GraphInterpreter.processPush(GraphInterpreter.scala:512)
	at akka.stream.impl.fusing.GraphInterpreter.processEvent(GraphInterpreter.scala:475)
	at akka.stream.impl.fusing.GraphInterpreter.execute(GraphInterpreter.scala:371)
	at akka.stream.impl.fusing.GraphInterpreterShell.runBatch(ActorGraphInterpreter.scala:585)
	at akka.stream.impl.fusing.GraphInterpreterShell$AsyncInput.execute(ActorGraphInterpreter.scala:469)
	at akka.stream.impl.fusing.GraphInterpreterShell.processEvent(ActorGraphInterpreter.scala:560)
	at akka.stream.impl.fusing.ActorGraphInterpreter.akka$stream$impl$fusing$ActorGraphInterpreter$$processEvent(ActorGraphInterpreter.scala:742)
	at akka.stream.impl.fusing.ActorGraphInterpreter$$anonfun$receive$1.applyOrElse(ActorGraphInterpreter.scala:757)
	at akka.actor.Actor.aroundReceive(Actor.scala:517)
	at akka.actor.Actor.aroundReceive$(Actor.scala:515)
	at akka.stream.impl.fusing.ActorGraphInterpreter.aroundReceive(ActorGraphInterpreter.scala:667)
	at akka.actor.ActorCell.receiveMessage(ActorCell.scala:527)
	at akka.actor.ActorCell.invoke(ActorCell.scala:496)
	at akka.dispatch.Mailbox.processMailbox(Mailbox.scala:257)
	at akka.dispatch.Mailbox.run(Mailbox.scala:224)
	at akka.dispatch.Mailbox.exec(Mailbox.scala:234)
	at akka.dispatch.forkjoin.ForkJoinTask.doExec(ForkJoinTask.java:260)
	at akka.dispatch.forkjoin.ForkJoinPool$WorkQueue.runTask(ForkJoinPool.java:1339)
	at akka.dispatch.forkjoin.ForkJoinPool.runWorker(ForkJoinPool.java:1979)
	at akka.dispatch.forkjoin.ForkJoinWorkerThread.run(ForkJoinWorkerThread.java:107)
2018-04-26 16:49:18,377 [DEBUG] from application in play-dev-mode-akka.actor.default-dispatcher-116 - Schema definitions are written
2018-04-26 16:49:18,382 [WARN] from application in play-dev-mode-akka.actor.default-dispatcher-116 - application.conf @ file:/Volumes/Development/Projects/mr-balance/target/scala-2.12/classes/application.conf: 44: play.crypto.secret is deprecated, use play.http.secret.key instead
2018-04-26 16:49:18,597 [INFO] from play.api.http.EnabledFilters in play-dev-mode-akka.actor.default-dispatcher-116 - Enabled Filters (see <https://www.playframework.com/documentation/latest/Filters>):


2018-04-26 16:49:18,600 [INFO] from play.api.Play in play-dev-mode-akka.actor.default-dispatcher-116 - Application started (Dev)
2018-04-26 16:49:26,450 [INFO] from application in application-akka.actor.default-dispatcher-4 - AccountServiceActor: Starting Mr Balance
2018-04-26 16:49:37,616 [WARN] from akka.serialization.Serialization(akka://application) in application-akka.actor.default-dispatcher-2 - Using the default Java serializer for class [mrtradelibrary.models.domain.Notification] which is not recommended because of performance implications. Use another serializer or disable this warning using the setting 'akka.actor.warn-about-java-serializer-usage'
2018-04-26 16:49:38,717 [INFO] from application in application-akka.actor.default-dispatcher-20 - AccountServiceActor: Starting Mr Balance
2018-04-26 16:49:39,679 [INFO] from application in application-akka.actor.default-dispatcher-16 - AccountServiceActor: Starting Mr Balance
2018-04-26 16:53:42,173 [INFO] from application in application-akka.actor.default-dispatcher-28 - AccountServiceActor: Starting Mr Balance
2018-04-26 17:33:53,905 [INFO] from application in application-akka.actor.default-dispatcher-89 - AccountServiceActor: Starting Mr Balance
2018-04-26 17:33:56,152 [ERROR] from akka.remote.EndpointWriter in application-akka.actor.default-dispatcher-90 - AssociationError [akka.tcp://application@127.0.0.1:8000] -> [akka.tcp://application@127.0.0.1:8001]: Error [Shut down address: akka.tcp://application@127.0.0.1:8001] [
akka.remote.ShutDownAssociation: Shut down address: akka.tcp://application@127.0.0.1:8001
Caused by: akka.remote.transport.Transport$InvalidAssociationException: The remote system terminated the association because it is shutting down.
]
2018-04-26 18:02:58,674 [INFO] from application in application-akka.actor.default-dispatcher-130 - AccountServiceActor: Starting Mr Balance
2018-04-27 11:01:12,792 [WARN] from com.zaxxer.hikari.pool.HikariPool in db housekeeper - db - Thread starvation or clock leap detected (housekeeper delta=16h51m22s421ms).
2018-04-27 11:05:22,888 [INFO] from application in application-akka.actor.default-dispatcher-147 - AccountServiceActor: Starting Mr Balance
2018-04-27 11:10:57,169 [INFO] from application in application-akka.actor.default-dispatcher-162 - AccountServiceActor: Starting Mr Balance
2018-04-27 11:21:12,116 [WARN] from com.zaxxer.hikari.pool.HikariPool in db housekeeper - db - Retrograde clock change detected (housekeeper delta=28s854ms), soft-evicting connections from pool.
2018-04-27 12:12:48,981 [INFO] from application in application-akka.actor.default-dispatcher-258 - AccountServiceActor: Starting Mr Balance
2018-04-27 14:15:08,434 [WARN] from com.zaxxer.hikari.pool.HikariPool in db housekeeper - db - Thread starvation or clock leap detected (housekeeper delta=41m54s266ms).
2018-04-27 14:34:19,127 [INFO] from application in application-akka.actor.default-dispatcher-412 - AccountServiceActor: Starting Mr Balance
2018-04-27 15:00:52,599 [INFO] from application in application-akka.actor.default-dispatcher-455 - AccountServiceActor: Starting Mr Balance
2018-04-27 15:01:27,327 [INFO] from application in application-akka.actor.default-dispatcher-453 - AccountServiceActor: Starting Mr Balance
2018-04-27 15:01:53,935 [INFO] from application in application-akka.actor.default-dispatcher-460 - AccountServiceActor: Starting Mr Balance
2018-04-27 15:02:54,714 [INFO] from application in application-akka.actor.default-dispatcher-471 - AccountServiceActor: Starting Mr Balance
2018-04-27 17:30:28,669 [WARN] from com.zaxxer.hikari.pool.HikariPool in db housekeeper - db - Thread starvation or clock leap detected (housekeeper delta=2m17s124ms).
2018-04-28 08:59:01,119 [WARN] from com.zaxxer.hikari.pool.HikariPool in db housekeeper - db - Thread starvation or clock leap detected (housekeeper delta=14h49m1s138ms).
2018-04-28 09:13:01,132 [WARN] from com.zaxxer.hikari.pool.HikariPool in db housekeeper - db - Retrograde clock change detected (housekeeper delta=29s824ms), soft-evicting connections from pool.
2018-04-28 21:09:40,101 [WARN] from com.zaxxer.hikari.pool.HikariPool in db housekeeper - db - Thread starvation or clock leap detected (housekeeper delta=3h29s813ms).
2018-04-30 09:02:30,089 [WARN] from com.zaxxer.hikari.pool.HikariPool in db housekeeper - db - Thread starvation or clock leap detected (housekeeper delta=1d11h52m49s509ms).
2018-04-30 09:11:30,643 [WARN] from com.zaxxer.hikari.pool.HikariPool in db housekeeper - db - Retrograde clock change detected (housekeeper delta=26s560ms), soft-evicting connections from pool.
2018-04-30 13:35:48,384 [WARN] from com.zaxxer.hikari.pool.HikariPool in db housekeeper - db - Thread starvation or clock leap detected (housekeeper delta=25m13s203ms).
2018-04-30 21:06:21,473 [WARN] from com.zaxxer.hikari.pool.HikariPool in db housekeeper - db - Thread starvation or clock leap detected (housekeeper delta=3h29s447ms).
2018-05-03 08:37:46,902 [WARN] from com.zaxxer.hikari.pool.HikariPool in db housekeeper - db - Thread starvation or clock leap detected (housekeeper delta=2d11h31m24s323ms).
2018-05-03 09:23:47,874 [ERROR] from play.core.server.common.WebSocketFlowHandler in play-dev-mode-akka.actor.default-dispatcher-167 - WebSocket flow threw exception
akka.stream.AbruptTerminationException: Processor actor [Actor[akka://play-dev-mode/user/StreamSupervisor-0/flow-268-0-detacher#-1472967061]] terminated abruptly
